<?xml version="1.0" encoding="UTF-8"?>
<testsuite name="JUnit Jupiter" tests="12" skipped="0" failures="0" errors="0" time="0.052" hostname="jarvis" timestamp="2021-05-30T21:56:41">
<properties>
<property name="awt.toolkit" value="sun.awt.X11.XToolkit"/>
<property name="file.encoding" value="UTF-8"/>
<property name="file.separator" value="/"/>
<property name="java.awt.graphicsenv" value="sun.awt.X11GraphicsEnvironment"/>
<property name="java.awt.printerjob" value="sun.print.PSPrinterJob"/>
<property name="java.class.path" value="../lib/junit-platform-console-standalone-1.7.0-all.jar"/>
<property name="java.class.version" value="55.0"/>
<property name="java.home" value="/usr/lib/jvm/java-11-openjdk-amd64"/>
<property name="java.io.tmpdir" value="/tmp"/>
<property name="java.library.path" value="/usr/java/packages/lib:/usr/lib/x86_64-linux-gnu/jni:/lib/x86_64-linux-gnu:/usr/lib/x86_64-linux-gnu:/usr/lib/jni:/lib:/usr/lib"/>
<property name="java.runtime.name" value="OpenJDK Runtime Environment"/>
<property name="java.runtime.version" value="11.0.11+9-Ubuntu-0ubuntu2.20.04"/>
<property name="java.specification.name" value="Java Platform API Specification"/>
<property name="java.specification.vendor" value="Oracle Corporation"/>
<property name="java.specification.version" value="11"/>
<property name="java.vendor" value="Ubuntu"/>
<property name="java.vendor.url" value="https://ubuntu.com/"/>
<property name="java.vendor.url.bug" value="https://bugs.launchpad.net/ubuntu/+source/openjdk-lts"/>
<property name="java.version" value="11.0.11"/>
<property name="java.version.date" value="2021-04-20"/>
<property name="java.vm.compressedOopsMode" value="Zero based"/>
<property name="java.vm.info" value="mixed mode, sharing"/>
<property name="java.vm.name" value="OpenJDK 64-Bit Server VM"/>
<property name="java.vm.specification.name" value="Java Virtual Machine Specification"/>
<property name="java.vm.specification.vendor" value="Oracle Corporation"/>
<property name="java.vm.specification.version" value="11"/>
<property name="java.vm.vendor" value="Ubuntu"/>
<property name="java.vm.version" value="11.0.11+9-Ubuntu-0ubuntu2.20.04"/>
<property name="jdk.debug" value="release"/>
<property name="line.separator" value="
"/>
<property name="os.arch" value="amd64"/>
<property name="os.name" value="Linux"/>
<property name="os.version" value="5.8.0-53-generic"/>
<property name="path.separator" value=":"/>
<property name="sun.arch.data.model" value="64"/>
<property name="sun.boot.library.path" value="/usr/lib/jvm/java-11-openjdk-amd64/lib"/>
<property name="sun.cpu.endian" value="little"/>
<property name="sun.cpu.isalist" value=""/>
<property name="sun.io.unicode.encoding" value="UnicodeLittle"/>
<property name="sun.java.command" value="../lib/junit-platform-console-standalone-1.7.0-all.jar -cp . --select-class MycdTest --reports-dir=reports"/>
<property name="sun.java.launcher" value="SUN_STANDARD"/>
<property name="sun.jnu.encoding" value="UTF-8"/>
<property name="sun.management.compiler" value="HotSpot 64-Bit Tiered Compilers"/>
<property name="sun.os.patch.level" value="unknown"/>
<property name="user.country" value="CA"/>
<property name="user.dir" value="/home/ashraft/Desktop/mycd/java/src"/>
<property name="user.home" value="/home/ashraft"/>
<property name="user.language" value="en"/>
<property name="user.name" value="ashraft"/>
<property name="user.timezone" value="America/Toronto"/>
</properties>
<testcase name="myFourthTest()" classname="MycdTest" time="0.015">
<system-out><![CDATA[
unique-id: [engine:junit-jupiter]/[class:MycdTest]/[method:myFourthTest()]
display-name: myFourthTest()
]]></system-out>
</testcase>
<testcase name="mySeventhTest()" classname="MycdTest" time="0">
<system-out><![CDATA[
unique-id: [engine:junit-jupiter]/[class:MycdTest]/[method:mySeventhTest()]
display-name: mySeventhTest()
]]></system-out>
</testcase>
<testcase name="myTwelfthTest()" classname="MycdTest" time="0.004">
<system-out><![CDATA[
unique-id: [engine:junit-jupiter]/[class:MycdTest]/[method:myTwelfthTest()]
display-name: myTwelfthTest()
]]></system-out>
</testcase>
<testcase name="myFifthTest()" classname="MycdTest" time="0.001">
<system-out><![CDATA[
unique-id: [engine:junit-jupiter]/[class:MycdTest]/[method:myFifthTest()]
display-name: myFifthTest()
]]></system-out>
</testcase>
<testcase name="myTenthTest()" classname="MycdTest" time="0">
<system-out><![CDATA[
unique-id: [engine:junit-jupiter]/[class:MycdTest]/[method:myTenthTest()]
display-name: myTenthTest()
]]></system-out>
</testcase>
<testcase name="myEleventhTest()" classname="MycdTest" time="0">
<system-out><![CDATA[
unique-id: [engine:junit-jupiter]/[class:MycdTest]/[method:myEleventhTest()]
display-name: myEleventhTest()
]]></system-out>
</testcase>
<testcase name="mySixthTest()" classname="MycdTest" time="0">
<system-out><![CDATA[
unique-id: [engine:junit-jupiter]/[class:MycdTest]/[method:mySixthTest()]
display-name: mySixthTest()
]]></system-out>
</testcase>
<testcase name="myNinthTest()" classname="MycdTest" time="0">
<system-out><![CDATA[
unique-id: [engine:junit-jupiter]/[class:MycdTest]/[method:myNinthTest()]
display-name: myNinthTest()
]]></system-out>
</testcase>
<testcase name="myThirdTest()" classname="MycdTest" time="0">
<system-out><![CDATA[
unique-id: [engine:junit-jupiter]/[class:MycdTest]/[method:myThirdTest()]
display-name: myThirdTest()
]]></system-out>
</testcase>
<testcase name="mySecondTest()" classname="MycdTest" time="0">
<system-out><![CDATA[
unique-id: [engine:junit-jupiter]/[class:MycdTest]/[method:mySecondTest()]
display-name: mySecondTest()
]]></system-out>
</testcase>
<testcase name="myFirstTest()" classname="MycdTest" time="0">
<system-out><![CDATA[
unique-id: [engine:junit-jupiter]/[class:MycdTest]/[method:myFirstTest()]
display-name: myFirstTest()
]]></system-out>
</testcase>
<testcase name="myEighthTest()" classname="MycdTest" time="0">
<system-out><![CDATA[
unique-id: [engine:junit-jupiter]/[class:MycdTest]/[method:myEighthTest()]
display-name: myEighthTest()
]]></system-out>
</testcase>
<system-out><![CDATA[
unique-id: [engine:junit-jupiter]
display-name: JUnit Jupiter
]]></system-out>
</testsuite>
